[debug] [2023-07-24T14:05:21.153Z] ----------------------------------------------------------------------
[debug] [2023-07-24T14:05:21.154Z] Command:       /usr/local/bin/firebase /Users/kennethblanton/.cache/firebase/tools/lib/node_modules/firebase-tools/lib/bin/firebase deploy
[debug] [2023-07-24T14:05:21.155Z] CLI Version:   12.3.0
[debug] [2023-07-24T14:05:21.155Z] Platform:      darwin
[debug] [2023-07-24T14:05:21.155Z] Node Version:  v16.16.0
[debug] [2023-07-24T14:05:21.157Z] Time:          Mon Jul 24 2023 09:05:21 GMT-0500 (Central Daylight Time)
[debug] [2023-07-24T14:05:21.157Z] ----------------------------------------------------------------------
[debug] 
[debug] [2023-07-24T14:05:21.260Z] > command requires scopes: ["email","openid","https://www.googleapis.com/auth/cloudplatformprojects.readonly","https://www.googleapis.com/auth/firebase","https://www.googleapis.com/auth/cloud-platform"]
[debug] [2023-07-24T14:05:21.262Z] > authorizing via signed-in user (knsylvest@gmail.com)
[debug] [2023-07-24T14:05:21.263Z] [iam] checking project chef-kiss-aa4a5 for permissions ["cloudfunctions.functions.create","cloudfunctions.functions.delete","cloudfunctions.functions.get","cloudfunctions.functions.list","cloudfunctions.functions.update","cloudfunctions.operations.get","firebase.projects.get","firebasehosting.sites.update"]
[debug] [2023-07-24T14:05:21.266Z] >>> [apiv2][query] POST https://cloudresourcemanager.googleapis.com/v1/projects/chef-kiss-aa4a5:testIamPermissions [none]
[debug] [2023-07-24T14:05:21.266Z] >>> [apiv2][(partial)header] POST https://cloudresourcemanager.googleapis.com/v1/projects/chef-kiss-aa4a5:testIamPermissions x-goog-quota-user=projects/chef-kiss-aa4a5
[debug] [2023-07-24T14:05:21.267Z] >>> [apiv2][body] POST https://cloudresourcemanager.googleapis.com/v1/projects/chef-kiss-aa4a5:testIamPermissions {"permissions":["cloudfunctions.functions.create","cloudfunctions.functions.delete","cloudfunctions.functions.get","cloudfunctions.functions.list","cloudfunctions.functions.update","cloudfunctions.operations.get","firebase.projects.get","firebasehosting.sites.update"]}
[debug] [2023-07-24T14:05:21.580Z] <<< [apiv2][status] POST https://cloudresourcemanager.googleapis.com/v1/projects/chef-kiss-aa4a5:testIamPermissions 200
[debug] [2023-07-24T14:05:21.585Z] <<< [apiv2][body] POST https://cloudresourcemanager.googleapis.com/v1/projects/chef-kiss-aa4a5:testIamPermissions {"permissions":["cloudfunctions.functions.create","cloudfunctions.functions.delete","cloudfunctions.functions.get","cloudfunctions.functions.list","cloudfunctions.functions.update","cloudfunctions.operations.get","firebase.projects.get","firebasehosting.sites.update"]}
[debug] [2023-07-24T14:05:21.586Z] >>> [apiv2][query] POST https://iam.googleapis.com/v1/projects/chef-kiss-aa4a5/serviceAccounts/chef-kiss-aa4a5@appspot.gserviceaccount.com:testIamPermissions [none]
[debug] [2023-07-24T14:05:21.586Z] >>> [apiv2][body] POST https://iam.googleapis.com/v1/projects/chef-kiss-aa4a5/serviceAccounts/chef-kiss-aa4a5@appspot.gserviceaccount.com:testIamPermissions {"permissions":["iam.serviceAccounts.actAs"]}
[debug] [2023-07-24T14:05:21.974Z] <<< [apiv2][status] POST https://iam.googleapis.com/v1/projects/chef-kiss-aa4a5/serviceAccounts/chef-kiss-aa4a5@appspot.gserviceaccount.com:testIamPermissions 200
[debug] [2023-07-24T14:05:21.976Z] <<< [apiv2][body] POST https://iam.googleapis.com/v1/projects/chef-kiss-aa4a5/serviceAccounts/chef-kiss-aa4a5@appspot.gserviceaccount.com:testIamPermissions {"permissions":["iam.serviceAccounts.actAs"]}
[debug] [2023-07-24T14:05:21.978Z] >>> [apiv2][query] GET https://firebase.googleapis.com/v1beta1/projects/chef-kiss-aa4a5 [none]
[debug] [2023-07-24T14:05:22.268Z] <<< [apiv2][status] GET https://firebase.googleapis.com/v1beta1/projects/chef-kiss-aa4a5 200
[debug] [2023-07-24T14:05:22.271Z] <<< [apiv2][body] GET https://firebase.googleapis.com/v1beta1/projects/chef-kiss-aa4a5 {"projectId":"chef-kiss-aa4a5","projectNumber":"1061615411466","displayName":"chef-kiss","name":"projects/chef-kiss-aa4a5","resources":{"hostingSite":"chef-kiss-aa4a5","storageBucket":"chef-kiss-aa4a5.appspot.com","locationId":"us-central"},"state":"ACTIVE","etag":"1_388f4565-a125-420e-b4f4-23e37f5ef83b"}
[info] 
[info] === Deploying to 'chef-kiss-aa4a5'...
[info] 
[info] i  deploying functions, hosting 
[info] Running command: npm --prefix "$RESOURCE_DIR" run
[info] ✔  functions: Finished running predeploy script. 
[debug] [2023-07-24T14:05:22.885Z] >>> [apiv2][query] GET https://firebase.googleapis.com/v1beta1/projects/chef-kiss-aa4a5 [none]
[debug] [2023-07-24T14:05:23.255Z] <<< [apiv2][status] GET https://firebase.googleapis.com/v1beta1/projects/chef-kiss-aa4a5 200
[debug] [2023-07-24T14:05:23.258Z] <<< [apiv2][body] GET https://firebase.googleapis.com/v1beta1/projects/chef-kiss-aa4a5 {"projectId":"chef-kiss-aa4a5","projectNumber":"1061615411466","displayName":"chef-kiss","name":"projects/chef-kiss-aa4a5","resources":{"hostingSite":"chef-kiss-aa4a5","storageBucket":"chef-kiss-aa4a5.appspot.com","locationId":"us-central"},"state":"ACTIVE","etag":"1_388f4565-a125-420e-b4f4-23e37f5ef83b"}
[info] i  functions: preparing codebase default for deployment 
[info] i  functions: ensuring required API cloudfunctions.googleapis.com is enabled... 
[info] i  functions: ensuring required API cloudbuild.googleapis.com is enabled... 
[info] i  artifactregistry: ensuring required API artifactregistry.googleapis.com is enabled... 
[debug] [2023-07-24T14:05:23.262Z] >>> [apiv2][query] GET https://serviceusage.googleapis.com/v1/projects/chef-kiss-aa4a5/services/cloudfunctions.googleapis.com [none]
[debug] [2023-07-24T14:05:23.262Z] >>> [apiv2][(partial)header] GET https://serviceusage.googleapis.com/v1/projects/chef-kiss-aa4a5/services/cloudfunctions.googleapis.com x-goog-quota-user=projects/chef-kiss-aa4a5
[debug] [2023-07-24T14:05:23.269Z] >>> [apiv2][query] GET https://serviceusage.googleapis.com/v1/projects/chef-kiss-aa4a5/services/runtimeconfig.googleapis.com [none]
[debug] [2023-07-24T14:05:23.269Z] >>> [apiv2][(partial)header] GET https://serviceusage.googleapis.com/v1/projects/chef-kiss-aa4a5/services/runtimeconfig.googleapis.com x-goog-quota-user=projects/chef-kiss-aa4a5
[debug] [2023-07-24T14:05:23.270Z] >>> [apiv2][query] GET https://serviceusage.googleapis.com/v1/projects/chef-kiss-aa4a5/services/cloudbuild.googleapis.com [none]
[debug] [2023-07-24T14:05:23.271Z] >>> [apiv2][(partial)header] GET https://serviceusage.googleapis.com/v1/projects/chef-kiss-aa4a5/services/cloudbuild.googleapis.com x-goog-quota-user=projects/chef-kiss-aa4a5
[debug] [2023-07-24T14:05:23.272Z] >>> [apiv2][query] GET https://serviceusage.googleapis.com/v1/projects/chef-kiss-aa4a5/services/artifactregistry.googleapis.com [none]
[debug] [2023-07-24T14:05:23.272Z] >>> [apiv2][(partial)header] GET https://serviceusage.googleapis.com/v1/projects/chef-kiss-aa4a5/services/artifactregistry.googleapis.com x-goog-quota-user=projects/chef-kiss-aa4a5
[debug] [2023-07-24T14:05:23.771Z] <<< [apiv2][status] GET https://serviceusage.googleapis.com/v1/projects/chef-kiss-aa4a5/services/cloudfunctions.googleapis.com 200
[debug] [2023-07-24T14:05:23.771Z] <<< [apiv2][body] GET https://serviceusage.googleapis.com/v1/projects/chef-kiss-aa4a5/services/cloudfunctions.googleapis.com [omitted]
[info] ✔  functions: required API cloudfunctions.googleapis.com is enabled 
[debug] [2023-07-24T14:05:23.802Z] <<< [apiv2][status] GET https://serviceusage.googleapis.com/v1/projects/chef-kiss-aa4a5/services/runtimeconfig.googleapis.com 200
[debug] [2023-07-24T14:05:23.802Z] <<< [apiv2][body] GET https://serviceusage.googleapis.com/v1/projects/chef-kiss-aa4a5/services/runtimeconfig.googleapis.com [omitted]
[debug] [2023-07-24T14:05:23.837Z] <<< [apiv2][status] GET https://serviceusage.googleapis.com/v1/projects/chef-kiss-aa4a5/services/cloudbuild.googleapis.com 200
[debug] [2023-07-24T14:05:23.838Z] <<< [apiv2][body] GET https://serviceusage.googleapis.com/v1/projects/chef-kiss-aa4a5/services/cloudbuild.googleapis.com [omitted]
[info] ✔  functions: required API cloudbuild.googleapis.com is enabled 
[debug] [2023-07-24T14:05:23.847Z] <<< [apiv2][status] GET https://serviceusage.googleapis.com/v1/projects/chef-kiss-aa4a5/services/artifactregistry.googleapis.com 200
[debug] [2023-07-24T14:05:23.848Z] <<< [apiv2][body] GET https://serviceusage.googleapis.com/v1/projects/chef-kiss-aa4a5/services/artifactregistry.googleapis.com [omitted]
[info] ✔  artifactregistry: required API artifactregistry.googleapis.com is enabled 
[debug] [2023-07-24T14:05:23.849Z] >>> [apiv2][query] GET https://firebase.googleapis.com/v1beta1/projects/chef-kiss-aa4a5/adminSdkConfig [none]
[debug] [2023-07-24T14:05:24.197Z] <<< [apiv2][status] GET https://firebase.googleapis.com/v1beta1/projects/chef-kiss-aa4a5/adminSdkConfig 200
[debug] [2023-07-24T14:05:24.197Z] <<< [apiv2][body] GET https://firebase.googleapis.com/v1beta1/projects/chef-kiss-aa4a5/adminSdkConfig {"projectId":"chef-kiss-aa4a5","storageBucket":"chef-kiss-aa4a5.appspot.com","locationId":"us-central"}
[debug] [2023-07-24T14:05:24.199Z] >>> [apiv2][query] GET https://runtimeconfig.googleapis.com/v1beta1/projects/chef-kiss-aa4a5/configs [none]
[debug] [2023-07-24T14:05:24.673Z] <<< [apiv2][status] GET https://runtimeconfig.googleapis.com/v1beta1/projects/chef-kiss-aa4a5/configs 200
[debug] [2023-07-24T14:05:24.674Z] <<< [apiv2][body] GET https://runtimeconfig.googleapis.com/v1beta1/projects/chef-kiss-aa4a5/configs {"configs":[{"name":"projects/chef-kiss-aa4a5/configs/stripe"}]}
[debug] [2023-07-24T14:05:24.676Z] >>> [apiv2][query] GET https://runtimeconfig.googleapis.com/v1beta1/projects/chef-kiss-aa4a5/configs/stripe/variables [none]
[debug] [2023-07-24T14:05:25.094Z] <<< [apiv2][status] GET https://runtimeconfig.googleapis.com/v1beta1/projects/chef-kiss-aa4a5/configs/stripe/variables 200
[debug] [2023-07-24T14:05:25.095Z] <<< [apiv2][body] GET https://runtimeconfig.googleapis.com/v1beta1/projects/chef-kiss-aa4a5/configs/stripe/variables {"variables":[{"name":"projects/chef-kiss-aa4a5/configs/stripe/variables/secret_key","updateTime":"2023-06-06T01:33:17.945700279Z"}]}
[debug] [2023-07-24T14:05:25.097Z] >>> [apiv2][query] GET https://runtimeconfig.googleapis.com/v1beta1/projects/chef-kiss-aa4a5/configs/stripe/variables/secret_key [none]
[debug] [2023-07-24T14:05:25.487Z] <<< [apiv2][status] GET https://runtimeconfig.googleapis.com/v1beta1/projects/chef-kiss-aa4a5/configs/stripe/variables/secret_key 200
[debug] [2023-07-24T14:05:25.489Z] <<< [apiv2][body] GET https://runtimeconfig.googleapis.com/v1beta1/projects/chef-kiss-aa4a5/configs/stripe/variables/secret_key {"name":"projects/chef-kiss-aa4a5/configs/stripe/variables/secret_key","updateTime":"2023-06-06T01:33:17.945700279Z","text":"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"}
[debug] [2023-07-24T14:05:25.496Z] Validating nodejs source
[debug] [2023-07-24T14:05:26.548Z] > [functions] package.json contents: {
  "name": "functions",
  "description": "Cloud Functions for Firebase",
  "scripts": {
    "serve": "firebase emulators:start --only functions",
    "shell": "firebase functions:shell",
    "start": "npm run shell",
    "deploy": "firebase deploy --only functions",
    "logs": "firebase functions:log"
  },
  "engines": {
    "node": "18"
  },
  "main": "index.js",
  "dependencies": {
    "firebase-admin": "^11.8.0",
    "firebase-functions": "^4.3.1"
  },
  "devDependencies": {
    "firebase-functions-test": "^3.1.0"
  },
  "private": true
}
[debug] [2023-07-24T14:05:26.549Z] Building nodejs source
[debug] [2023-07-24T14:05:26.550Z] Could not find functions.yaml. Must use http discovery
[debug] [2023-07-24T14:05:26.566Z] Found firebase-functions binary at '/Users/kennethblanton/Documents/chef-kiss/functions/node_modules/.bin/firebase-functions'
[debug] [2023-07-24T14:05:27.044Z] Serving at port 8244

[debug] [2023-07-24T14:05:27.380Z] FetchError: request to http://localhost:8244/__/quitquitquit failed, reason: connect ECONNREFUSED 127.0.0.1:8244
    at ClientRequest.<anonymous> (/Users/kennethblanton/.cache/firebase/tools/lib/node_modules/node-fetch/lib/index.js:1505:11)
    at ClientRequest.emit (node:events:527:28)
    at ClientRequest.emit (node:domain:475:12)
    at Socket.socketErrorListener (node:_http_client:454:9)
    at Socket.emit (node:events:527:28)
    at Socket.emit (node:domain:475:12)
    at emitErrorNT (node:internal/streams/destroy:157:8)
    at emitErrorCloseNT (node:internal/streams/destroy:122:3)
    at processTicksAndRejections (node:internal/process/task_queues:83:21)
[error] 
[error] Error: An unexpected error has occurred.
